plugins/plugintemplate/app/build/intermediates/manifest_merge_blame_file/civRelease/manifest-merger-blame-civ-release-report.txt
1<?xml version="1.0" encoding="utf-8"?>
2<manifest xmlns:android="http://schemas.android.com/apk/res/android"
3    package="com.atakmap.android.plugintemplate.plugin"
4    android:versionCode="1"
5    android:versionName="1.0 (1) - [4.2.0]" >
6
7    <uses-sdk
8        android:minSdkVersion="21"
8-->src\main\AndroidManifest.xml
9        android:targetSdkVersion="29" />
9-->[androidx.appcompat:appcompat:1.2.0] AndroidManifest.xml:22:9-38
10
11    <application
11-->src\main\AndroidManifest.xml:6:5-23:19
12        android:allowBackup="false"
12-->src\main\AndroidManifest.xml:7:9-36
13        android:appComponentFactory="androidx.core.app.CoreComponentFactory"
13-->[androidx.core:core:1.3.0] AndroidManifest.xml:24:18-86
14        android:description="@string/app_desc"
14-->src\main\AndroidManifest.xml:10:9-47
15        android:extractNativeLibs="true"
15-->src\main\AndroidManifest.xml:11:9-41
16        android:icon="@drawable/ic_launcher"
16-->src\main\AndroidManifest.xml:8:9-45
17        android:label="@string/app_name"
17-->src\main\AndroidManifest.xml:9:9-41
18        android:theme="@style/AppTheme" >
18-->src\main\AndroidManifest.xml:12:9-40
19        <activity android:name="com.atakmap.android.plugintemplate.ptt.StartStopDemo" >
19-->src\main\AndroidManifest.xml:13:9-18:20
19-->src\main\AndroidManifest.xml:13:19-86
20            <intent-filter>
20-->src\main\AndroidManifest.xml:14:13-17:29
21                <action android:name="android.intent.action.MAIN" />
21-->src\main\AndroidManifest.xml:15:17-69
21-->src\main\AndroidManifest.xml:15:25-66
22
23                <category android:name="android.intent.category.LAUNCHER" />
23-->src\main\AndroidManifest.xml:16:17-77
23-->src\main\AndroidManifest.xml:16:27-74
24            </intent-filter>
25        </activity>
26
27        <meta-data
28            android:name="plugin-api"
28-->src\main\AndroidManifest.xml:19:20-45
29            android:value="com.atakmap.app@4.2.0.CIV" />
29-->src\main\AndroidManifest.xml:19:46-79
30        <meta-data
30-->src\main\AndroidManifest.xml:20:9-78
31            android:name="app_desc"
31-->src\main\AndroidManifest.xml:20:20-43
32            android:value="@string/app_desc" />
32-->src\main\AndroidManifest.xml:20:44-76
33    </application>
34
35</manifest>